

================================================================
== Vivado HLS Report for 'FFT'
================================================================
* Date:           Wed Jun  5 21:03:51 2019

* Version:        2018.3 (Build 2405991 on Thu Dec 06 23:56:15 MST 2018)
* Project:        HLS
* Solution:       solution1
* Product family: zynquplus
* Target device:  xczu3eg-sbva484-1-i


================================================================
== Performance Estimates
================================================================
+ Timing (ns): 
    * Summary: 
    +--------+-------+----------+------------+
    |  Clock | Target| Estimated| Uncertainty|
    +--------+-------+----------+------------+
    |ap_clk  |  10.00|     8.750|        1.25|
    +--------+-------+----------+------------+

+ Latency (clock cycles): 
    * Summary: 
    +------+------+------+------+----------+
    |   Latency   |   Interval  | Pipeline |
    |  min |  max |  min |  max |   Type   |
    +------+------+------+------+----------+
    |  7331|  7331|  7332|  7332| dataflow |
    +------+------+------+------+----------+

    + Detail: 
        * Instance: 
        +------------------------+---------------------+------+------+------+------+---------+
        |                        |                     |   Latency   |   Interval  | Pipeline|
        |        Instance        |        Module       |  min |  max |  min |  max |   Type  |
        +------------------------+---------------------+------+------+------+------+---------+
        |write_FFT_data_1200_U0  |write_FFT_data_1200  |  1025|  1025|  1025|  1025|   none  |
        |read_FFT_data_1201_U0   |read_FFT_data_1201   |  1025|  1025|  1025|  1025|   none  |
        |fft_FFT_params_U0       |fft_FFT_params_s     |  7331|  7331|  7331|  7331|   none  |
        +------------------------+---------------------+------+------+------+------+---------+

        * Loop: 
        N/A



================================================================
== Utilization Estimates
================================================================
* Summary: 
+-----------------+---------+-------+--------+-------+-----+
|       Name      | BRAM_18K| DSP48E|   FF   |  LUT  | URAM|
+-----------------+---------+-------+--------+-------+-----+
|DSP              |        -|      -|       -|      -|    -|
|Expression       |        -|      -|       0|      4|    -|
|FIFO             |        8|      -|     201|    308|    -|
|Instance         |        5|      0|   16129|  13001|    -|
|Memory           |        -|      -|       -|      -|    -|
|Multiplexer      |        -|      -|       -|      -|    -|
|Register         |        -|      -|       -|      -|    -|
+-----------------+---------+-------+--------+-------+-----+
|Total            |       13|      0|   16330|  13313|    0|
+-----------------+---------+-------+--------+-------+-----+
|Available        |      432|    360|  141120|  70560|    0|
+-----------------+---------+-------+--------+-------+-----+
|Utilization (%)  |        3|      0|      11|     18|    0|
+-----------------+---------+-------+--------+-------+-----+

+ Detail: 
    * Instance: 
    +------------------------+---------------------+---------+-------+-------+-------+
    |        Instance        |        Module       | BRAM_18K| DSP48E|   FF  |  LUT  |
    +------------------------+---------------------+---------+-------+-------+-------+
    |fft_FFT_params_U0       |fft_FFT_params_s     |        5|      0|  16100|  12802|
    |read_FFT_data_1201_U0   |read_FFT_data_1201   |        0|      0|     14|     86|
    |write_FFT_data_1200_U0  |write_FFT_data_1200  |        0|      0|     15|    113|
    +------------------------+---------------------+---------+-------+-------+-------+
    |Total                   |                     |        5|      0|  16129|  13001|
    +------------------------+---------------------+---------+-------+-------+-------+

    * DSP48: 
    N/A

    * Memory: 
    N/A

    * FIFO: 
    +---------------------+---------+----+-----+------+-----+---------+
    |         Name        | BRAM_18K| FF | LUT | Depth| Bits| Size:D*B|
    +---------------------+---------+----+-----+------+-----+---------+
    |FFT_config_data_V_U  |        0|   5|   36|     2|   24|       48|
    |x_in_channel_U       |        4|  98|  136|  1024|   64|    65536|
    |x_out_channel_U      |        4|  98|  136|  1024|   64|    65536|
    +---------------------+---------+----+-----+------+-----+---------+
    |Total                |        8| 201|  308|  2050|  152|   131120|
    +---------------------+---------+----+-----+------+-----+---------+

    * Expression: 
    +-------------------------------------+----------+-------+---+----+------------+------------+
    |            Variable Name            | Operation| DSP48E| FF| LUT| Bitwidth P0| Bitwidth P1|
    +-------------------------------------+----------+-------+---+----+------------+------------+
    |ap_idle                              |    and   |      0|  0|   2|           1|           1|
    |write_FFT_data_1200_U0_start_full_n  |    and   |      0|  0|   2|           1|           1|
    +-------------------------------------+----------+-------+---+----+------------+------------+
    |Total                                |          |      0|  0|   4|           2|           2|
    +-------------------------------------+----------+-------+---+----+------------+------------+

    * Multiplexer: 
    N/A

    * Register: 
    N/A



================================================================
== Interface
================================================================
* Summary: 
+-----------------+-----+-----+------------+--------------+--------------+
|    RTL Ports    | Dir | Bits|  Protocol  | Source Object|    C Type    |
+-----------------+-----+-----+------------+--------------+--------------+
|to_FFT_dout      |  in |   64|   ap_fifo  |    to_FFT    |    pointer   |
|to_FFT_empty_n   |  in |    1|   ap_fifo  |    to_FFT    |    pointer   |
|to_FFT_read      | out |    1|   ap_fifo  |    to_FFT    |    pointer   |
|from_FFT_din     | out |   64|   ap_fifo  |   from_FFT   |    pointer   |
|from_FFT_full_n  |  in |    1|   ap_fifo  |   from_FFT   |    pointer   |
|from_FFT_write   | out |    1|   ap_fifo  |   from_FFT   |    pointer   |
|ap_clk           |  in |    1| ap_ctrl_hs |      FFT     | return value |
|ap_rst           |  in |    1| ap_ctrl_hs |      FFT     | return value |
|ap_start         |  in |    1| ap_ctrl_hs |      FFT     | return value |
|ap_done          | out |    1| ap_ctrl_hs |      FFT     | return value |
|ap_ready         | out |    1| ap_ctrl_hs |      FFT     | return value |
|ap_idle          | out |    1| ap_ctrl_hs |      FFT     | return value |
|ap_continue      |  in |    1| ap_ctrl_hs |      FFT     | return value |
+-----------------+-----+-----+------------+--------------+--------------+

