

================================================================
== Vivado HLS Report for 'window_FFT'
================================================================
* Date:           Wed Jun  5 21:03:53 2019

* Version:        2018.3 (Build 2405991 on Thu Dec 06 23:56:15 MST 2018)
* Project:        HLS
* Solution:       solution1
* Product family: zynquplus
* Target device:  xczu3eg-sbva484-1-i


================================================================
== Performance Estimates
================================================================
+ Timing (ns): 
    * Summary: 
    +--------+-------+----------+------------+
    |  Clock | Target| Estimated| Uncertainty|
    +--------+-------+----------+------------+
    |ap_clk  |  10.00|     8.750|        1.25|
    +--------+-------+----------+------------+

+ Latency (clock cycles): 
    * Summary: 
    +---------+---------+---------+---------+---------+
    |      Latency      |      Interval     | Pipeline|
    |   min   |   max   |   min   |   max   |   Type  |
    +---------+---------+---------+---------+---------+
    |  2529653|  2537845|  2529653|  2537845|   none  |
    +---------+---------+---------+---------+---------+

    + Detail: 
        * Instance: 
        +------------------------------+-------------------+------+------+------+------+----------+
        |                              |                   |   Latency   |   Interval  | Pipeline |
        |           Instance           |       Module      |  min |  max |  min |  max |   Type   |
        +------------------------------+-------------------+------+------+------+------+----------+
        |grp_FFT_fu_568                |FFT                |  7331|  7331|  7332|  7332| dataflow |
        |grp_scaled_fixed2ieee_fu_576  |scaled_fixed2ieee  |    19|    27|    19|    27|   none   |
        +------------------------------+-------------------+------+------+------+------+----------+

        * Loop: 
        +-------------+---------+---------+----------+-----------+-----------+------+----------+
        |             |      Latency      | Iteration|  Initiation Interval  | Trip |          |
        |  Loop Name  |   min   |   max   |  Latency |  achieved |   target  | Count| Pipelined|
        +-------------+---------+---------+----------+-----------+-----------+------+----------+
        |- Loop 1     |    93184|   101376|  91 ~ 99 |          -|          -|  1024|    no    |
        |- Loop 2     |  2436464|  2436464|     20648|          -|          -|   118|    no    |
        | + Loop 2.1  |     8192|     8192|         8|          -|          -|  1024|    no    |
        | + Loop 2.2  |     3072|     3072|         3|          -|          -|  1024|    no    |
        | + Loop 2.3  |     2048|     2048|         4|          -|          -|   512|    no    |
        +-------------+---------+---------+----------+-----------+-----------+------+----------+



================================================================
== Utilization Estimates
================================================================
* Summary: 
+-----------------+---------+-------+--------+-------+-----+
|       Name      | BRAM_18K| DSP48E|   FF   |  LUT  | URAM|
+-----------------+---------+-------+--------+-------+-----+
|DSP              |        -|      -|       -|      -|    -|
|Expression       |        -|     62|     219|   5658|    -|
|FIFO             |        8|      -|     196|    272|    -|
|Instance         |       13|     44|   20426|  19930|    -|
|Memory           |       16|      -|     213|    852|    -|
|Multiplexer      |        -|      -|       -|    589|    -|
|Register         |        -|      -|    1831|      -|    -|
+-----------------+---------+-------+--------+-------+-----+
|Total            |       37|    106|   22885|  27301|    0|
+-----------------+---------+-------+--------+-------+-----+
|Available        |      432|    360|  141120|  70560|    0|
+-----------------+---------+-------+--------+-------+-----+
|Utilization (%)  |        8|     29|      16|     38|    0|
+-----------------+---------+-------+--------+-------+-----+

+ Detail: 
    * Instance: 
    +-----------------------------------------------+-------------------------------------------+---------+-------+-------+-------+
    |                    Instance                   |                   Module                  | BRAM_18K| DSP48E|   FF  |  LUT  |
    +-----------------------------------------------+-------------------------------------------+---------+-------+-------+-------+
    |grp_FFT_fu_568                                 |FFT                                        |       13|      0|  16330|  13313|
    |grp_scaled_fixed2ieee_fu_576                   |scaled_fixed2ieee                          |        0|      0|    483|   1603|
    |window_FFT_ddiv_64ns_64ns_64_22_1_U20          |window_FFT_ddiv_64ns_64ns_64_22_1          |        0|      0|   2248|   3242|
    |window_FFT_dmul_64ns_64ns_64_5_max_dsp_1_U19   |window_FFT_dmul_64ns_64ns_64_5_max_dsp_1   |        0|     11|    299|    203|
    |window_FFT_dsub_64ns_64ns_64_5_full_dsp_1_U18  |window_FFT_dsub_64ns_64ns_64_5_full_dsp_1  |        0|      3|    445|    781|
    |window_FFT_mul_170ns_53ns_223_2_1_U22          |window_FFT_mul_170ns_53ns_223_2_1          |        0|     30|    361|    178|
    |window_FFT_mux_164_1_1_1_U24                   |window_FFT_mux_164_1_1_1                   |        0|      0|      0|     65|
    |window_FFT_mux_164_1_1_1_U25                   |window_FFT_mux_164_1_1_1                   |        0|      0|      0|     65|
    |window_FFT_mux_83_1_1_1_U23                    |window_FFT_mux_83_1_1_1                    |        0|      0|      0|     65|
    |window_FFT_sitodp_32ns_64_4_1_U21              |window_FFT_sitodp_32ns_64_4_1              |        0|      0|    260|    415|
    +-----------------------------------------------+-------------------------------------------+---------+-------+-------+-------+
    |Total                                          |                                           |       13|     44|  20426|  19930|
    +-----------------------------------------------+-------------------------------------------+---------+-------+-------+-------+

    * DSP48: 
    N/A

    * Memory: 
    +-------------------------+----------------------------------+---------+----+-----+------+-----+------+-------------+
    |          Memory         |              Module              | BRAM_18K| FF | LUT | Words| Bits| Banks| W*Bits*Banks|
    +-------------------------+----------------------------------+---------+----+-----+------+-----+------+-------------+
    |data_frame_U             |window_FFT_data_frame             |        4|   0|    0|  1024|   64|     1|        65536|
    |hamming_window_U         |window_FFT_data_frame             |        4|   0|    0|  1024|   64|     1|        65536|
    |fourth_order_double_4_U  |window_FFT_fourth_order_double_4  |        0|  59|  236|   256|   59|     1|        15104|
    |fourth_order_double_5_U  |window_FFT_fourth_order_double_5  |        0|  52|  208|   256|   52|     1|        13312|
    |fourth_order_double_6_U  |window_FFT_fourth_order_double_6  |        0|  44|  176|   256|   44|     1|        11264|
    |fourth_order_double_7_U  |window_FFT_fourth_order_double_7  |        0|  33|  132|   256|   33|     1|         8448|
    |fourth_order_double_s_U  |window_FFT_fourth_order_double_s  |        0|  25|  100|   256|   25|     1|         6400|
    |ref_4oPi_table_256_V_U   |window_FFT_ref_4oPi_table_256_V   |        8|   0|    0|    10|  256|     1|         2560|
    +-------------------------+----------------------------------+---------+----+-----+------+-----+------+-------------+
    |Total                    |                                  |       16| 213|  852|  3338|  597|     8|       188160|
    +-------------------------+----------------------------------+---------+----+-----+------+-----+------+-------------+

    * FIFO: 
    +-----------------+---------+----+-----+------+-----+---------+
    |       Name      | BRAM_18K| FF | LUT | Depth| Bits| Size:D*B|
    +-----------------+---------+----+-----+------+-----+---------+
    |from_FFT_fifo_U  |        4|  98|  136|  1024|   64|    65536|
    |to_FFT_fifo_U    |        4|  98|  136|  1024|   64|    65536|
    +-----------------+---------+----+-----+------+-----+---------+
    |Total            |        8| 196|  272|  2048|  128|   131072|
    +-----------------+---------+----+-----+------+-----+---------+

    * Expression: 
    +---------------------------------+----------+-------+----+-----+------------+------------+
    |          Variable Name          | Operation| DSP48E| FF | LUT | Bitwidth P0| Bitwidth P1|
    +---------------------------------+----------+-------+----+-----+------------+------------+
    |r_V_25_fu_982_p2                 |     *    |      8|   0|   20|          49|          49|
    |r_V_26_fu_1018_p2                |     *    |      8|   0|   20|          49|          49|
    |r_V_27_fu_1033_p2                |     *    |      8|   0|   20|          49|          49|
    |r_V_28_fu_1056_p2                |     *    |      8|   0|   32|          56|          52|
    |r_V_29_fu_1079_p2                |     *    |      6|   0|   20|          49|          44|
    |r_V_30_fu_1132_p2                |     *    |      4|   0|   25|          42|          33|
    |r_V_31_fu_1103_p2                |     *    |      2|   0|   23|          35|          25|
    |r_V_32_fu_1216_p2                |     *    |     10|   0|   45|          64|          63|
    |r_V_33_fu_1890_p2                |     *    |      4|   0|   20|          32|          32|
    |r_V_34_fu_1900_p2                |     *    |      4|   0|   20|          32|          32|
    |NZeros_fu_2061_p2                |     +    |      0|   0|   39|          32|          32|
    |expv_op_i_fu_664_p2              |     +    |      0|   0|   18|          11|          11|
    |frame_1_fu_1463_p2               |     +    |      0|   0|   15|           7|           1|
    |i_2_fu_627_p2                    |     +    |      0|   0|   18|          11|           1|
    |i_3_fu_1487_p2                   |     +    |      0|   0|   18|          11|           1|
    |i_4_fu_1514_p2                   |     +    |      0|   0|   18|          11|           1|
    |j_1_fu_1847_p2                   |     +    |      0|   0|   17|          10|           1|
    |lsb_index_fu_2092_p2             |     +    |      0|   0|   39|           7|          32|
    |m_1_fu_2244_p2                   |     +    |      0|   0|   71|          64|          64|
    |p_Repl2_2_trunc_fu_2285_p2       |     +    |      0|   0|   21|          11|          11|
    |ret_V_13_fu_1914_p2              |     +    |      0|   0|   72|          65|          65|
    |ret_V_fu_1191_p2                 |     +    |      0|   0|   21|          64|          64|
    |tmp29_fu_1165_p2                 |     +    |      0|   0|   21|          64|          64|
    |tmp30_fu_1181_p2                 |     +    |      0|   0|   56|          49|          49|
    |tmp31_fu_1171_p2                 |     +    |      0|   0|   45|          38|          38|
    |tmp_18_fu_1613_p2                |     +    |      0|   0|   19|           6|          12|
    |tmp_47_fu_2194_p2                |     +    |      0|   0|   39|           7|          32|
    |tmp_58_fu_1867_p2                |     +    |      0|   0|   23|          16|          16|
    |tmp_9_fu_1498_p2                 |     +    |      0|   0|   21|          14|          14|
    |tmp_i_i_fu_762_p2                |     +    |      0|   0|   18|          11|          11|
    |Ex_V_fu_868_p2                   |     -    |      0|   0|   18|          11|          11|
    |F2_fu_1591_p2                    |     -    |      0|   0|   19|          11|          12|
    |Mx_bits_V_1_fu_784_p2            |     -    |      0|   0|  131|           1|         124|
    |man_V_1_fu_1571_p2               |     -    |      0|   0|   61|           1|          54|
    |p_neg_fu_1928_p2                 |     -    |      0|   0|   72|           1|          65|
    |p_neg_t_fu_1948_p2               |     -    |      0|   0|   63|           1|          56|
    |ret_V_2_fu_1237_p2               |     -    |      0|   0|   19|           1|          12|
    |tmp_19_fu_1619_p2                |     -    |      0|   0|   19|           5|          12|
    |tmp_32_fu_2075_p2                |     -    |      0|   0|   39|           7|          32|
    |tmp_50_fu_2209_p2                |     -    |      0|   0|   39|           6|          32|
    |tmp_55_fu_2280_p2                |     -    |      0|   0|   21|           3|          11|
    |tmp_72_fu_2113_p2                |     -    |      0|   0|   15|           5|           7|
    |tmp_94_i_i_fu_895_p2             |     -    |      0|   0|   19|           1|          12|
    |tmp_V_fu_1994_p2                 |     -    |      0|   0|   63|           1|          56|
    |a_fu_2140_p2                     |    and   |      0|   0|    2|           1|           1|
    |ap_block_state90                 |    and   |      0|   0|    2|           1|           1|
    |not_or_cond_i_demorg_fu_1381_p2  |    and   |      0|   0|    2|           1|           1|
    |or_cond_i_fu_1359_p2             |    and   |      0|   0|    2|           1|           1|
    |p_Repl2_3_fu_1391_p2             |    and   |      0|   0|    2|           1|           1|
    |p_Result_25_fu_2128_p2           |    and   |      0|   0|   66|          66|          66|
    |sel_tmp2_fu_1711_p2              |    and   |      0|   0|    2|           1|           1|
    |sel_tmp3_fu_1747_p2              |    and   |      0|   0|    2|           1|           1|
    |sel_tmp5_fu_1765_p2              |    and   |      0|   0|    2|           1|           1|
    |sel_tmp7_fu_1729_p2              |    and   |      0|   0|    2|           1|           1|
    |sel_tmp8_fu_1735_p2              |    and   |      0|   0|    2|           1|           1|
    |tmp_42_fu_2168_p2                |    and   |      0|   0|    2|           1|           1|
    |tmp_34_fu_1673_p2                |   ashr   |      0|   0|  167|          54|          54|
    |tmp_24_fu_2019_p3                |   ctlz   |      0|  73|   71|          64|           0|
    |tmp_30_fu_2049_p3                |   ctlz   |      0|  73|   71|          64|           0|
    |tmp_i5_i_i_fu_832_p3             |   cttz   |      0|  73|   71|          64|           0|
    |closepath_fu_658_p2              |   icmp   |      0|   0|   13|          11|          10|
    |exitcond1_fu_621_p2              |   icmp   |      0|   0|   13|          11|          12|
    |exitcond2_fu_1457_p2             |   icmp   |      0|   0|   11|           7|           5|
    |exitcond3_fu_1481_p2             |   icmp   |      0|   0|   13|          11|          12|
    |exitcond4_fu_1508_p2             |   icmp   |      0|   0|   13|          11|          12|
    |exitcond5_fu_1841_p2             |   icmp   |      0|   0|   13|          10|          11|
    |icmp1_fu_2107_p2                 |   icmp   |      0|   0|   20|          31|           1|
    |icmp9_fu_1663_p2                 |   icmp   |      0|   0|   11|           7|           1|
    |icmp_fu_1607_p2                  |   icmp   |      0|   0|   11|           7|           1|
    |p_Result_36_fu_1988_p2           |   icmp   |      0|   0|   50|          65|          11|
    |tmp_16_fu_1585_p2                |   icmp   |      0|   0|   29|          63|           1|
    |tmp_20_fu_1637_p2                |   icmp   |      0|   0|   13|          12|           5|
    |tmp_22_fu_1982_p2                |   icmp   |      0|   0|   50|          65|          11|
    |tmp_26_fu_2031_p2                |   icmp   |      0|   0|   29|          54|           1|
    |tmp_27_fu_1647_p2                |   icmp   |      0|   0|   13|          12|           6|
    |tmp_40_fu_2134_p2                |   icmp   |      0|   0|   50|          66|           1|
    |tmp_46_fu_2188_p2                |   icmp   |      0|   0|   20|          32|           1|
    |tmp_74_i_fu_882_p2               |   icmp   |      0|   0|   13|          11|           1|
    |tmp_75_i_fu_737_p2               |   icmp   |      0|   0|   29|          52|           1|
    |tmp_76_i_fu_887_p2               |   icmp   |      0|   0|   13|          11|           2|
    |r_V_6_fu_916_p2                  |   lshr   |      0|   0|  176|          63|          63|
    |tmp_49_fu_2203_p2                |   lshr   |      0|   0|  191|          66|          66|
    |tmp_74_fu_2122_p2                |   lshr   |      0|   0|  191|           2|          66|
    |ap_sync_grp_FFT_fu_568_ap_done   |    or    |      0|   0|    2|           1|           1|
    |ap_sync_grp_FFT_fu_568_ap_ready  |    or    |      0|   0|    2|           1|           1|
    |or_cond1_fu_1793_p2              |    or    |      0|   0|    2|           1|           1|
    |or_cond2_fu_1807_p2              |    or    |      0|   0|    2|           1|           1|
    |or_cond_fu_1779_p2               |    or    |      0|   0|    2|           1|           1|
    |p_off_fu_1976_p2                 |    or    |      0|   0|   65|          65|          10|
    |sel_tmp21_demorgan_fu_1753_p2    |    or    |      0|   0|    2|           1|           1|
    |sel_tmp6_demorgan_fu_1717_p2     |    or    |      0|   0|    2|           1|           1|
    |tmp_33_fu_1405_p2                |    or    |      0|   0|    2|           1|           1|
    |tmp_43_fu_2174_p2                |    or    |      0|   0|    2|           1|           1|
    |tmp_77_i_fu_1368_p2              |    or    |      0|   0|    2|           1|           1|
    |Ex_V_ret_i_fu_1197_p3            |  select  |      0|   0|   11|           1|          11|
    |Mx_V_read_assign_fu_1203_p3      |  select  |      0|   0|   56|           1|          63|
    |addr_V_fu_670_p3                 |  select  |      0|   0|   11|           1|           7|
    |l_fu_2067_p3                     |  select  |      0|   0|   32|           1|          32|
    |m_fu_2232_p3                     |  select  |      0|   0|   56|           1|          64|
    |man_V_2_fu_1577_p3               |  select  |      0|   0|   55|           1|          54|
    |newSel1_fu_1785_p3               |  select  |      0|   0|   32|           1|          32|
    |newSel2_fu_1799_p3               |  select  |      0|   0|   32|           1|          32|
    |newSel3_fu_1813_p3               |  select  |      0|   0|   32|           1|          32|
    |newSel_fu_1771_p3                |  select  |      0|   0|   32|           1|          32|
    |output_data_d0                   |  select  |      0|   0|   56|           1|          64|
    |p_Repl2_11_trunc_fu_1373_p3      |  select  |      0|   0|    2|           1|           1|
    |p_Result_1_i_cast_fu_1424_p3     |  select  |      0|   0|    2|           1|           2|
    |p_Result_i_fu_1397_p3            |  select  |      0|   0|    9|           1|          10|
    |p_Val2_34_fu_774_p3              |  select  |      0|   0|    3|           1|           1|
    |p_Val2_7_fu_789_p3               |  select  |      0|   0|  122|           1|         124|
    |r_V_24_fu_926_p3                 |  select  |      0|   0|   56|           1|          63|
    |ret_V_10_fu_1432_p3              |  select  |      0|   0|   55|           1|          52|
    |ret_V_9_fu_1410_p3               |  select  |      0|   0|   11|           1|          11|
    |sh_amt_fu_1625_p3                |  select  |      0|   0|   12|           1|          12|
    |storemerge_i_i_fu_767_p3         |  select  |      0|   0|   11|           1|          11|
    |tmp_21_fu_1968_p3                |  select  |      0|   0|   55|           1|          56|
    |tmp_35_fu_1691_p3                |  select  |      0|   0|    2|           1|           2|
    |tmp_66_cast_cast_cas_fu_2272_p3  |  select  |      0|   0|    9|           1|          10|
    |tmp_73_i_fu_1352_p3              |  select  |      0|   0|    2|           1|           1|
    |tmp_V_12_fu_1999_p3              |  select  |      0|   0|   55|           1|          56|
    |ush_fu_901_p3                    |  select  |      0|   0|   12|           1|          12|
    |r_V_22_fu_707_p2                 |    shl   |      0|   0|  950|         256|         256|
    |r_V_23_fu_848_p2                 |    shl   |      0|   0|  411|         124|         124|
    |r_V_7_fu_921_p2                  |    shl   |      0|   0|  176|          63|          63|
    |tmp_36_fu_1699_p2                |    shl   |      0|   0|  101|          32|          32|
    |tmp_52_fu_2218_p2                |    shl   |      0|   0|  191|          66|          66|
    |not_or_cond_i3_fu_1418_p2        |    xor   |      0|   0|    2|           1|           2|
    |not_or_cond_i_fu_1385_p2         |    xor   |      0|   0|    2|           1|           2|
    |not_tmp_i_fu_1363_p2             |    xor   |      0|   0|    2|           1|           2|
    |rev_fu_2154_p2                   |    xor   |      0|   0|    2|           1|           2|
    |sel_tmp1_fu_1705_p2              |    xor   |      0|   0|    2|           1|           2|
    |sel_tmp4_fu_1759_p2              |    xor   |      0|   0|    2|           1|           2|
    |sel_tmp6_fu_1723_p2              |    xor   |      0|   0|    2|           1|           2|
    |sel_tmp_fu_1741_p2               |    xor   |      0|   0|    2|           1|           2|
    +---------------------------------+----------+-------+----+-----+------------+------------+
    |Total                            |          |     62| 219| 5658|        2675|        3300|
    +---------------------------------+----------+-------+----+-----+------------+------------+

    * Multiplexer: 
    +-------------------------+-----+-----------+-----+-----------+
    |           Name          | LUT | Input Size| Bits| Total Bits|
    +-------------------------+-----+-----------+-----+-----------+
    |ap_NS_fsm                |  409|         94|    1|         94|
    |data_frame_address0      |   15|          3|   10|         30|
    |frame_reg_523            |    9|          2|    7|         14|
    |from_FFT_write           |    9|          2|    1|          2|
    |grp_fu_587_p0            |   21|          4|   64|        256|
    |grp_fu_587_p1            |   21|          4|   64|        256|
    |grp_fu_593_p0            |   15|          3|   64|        192|
    |grp_fu_593_p1            |   15|          3|   64|        192|
    |grp_fu_599_p0            |   15|          3|   32|         96|
    |hamming_window_address0  |   15|          3|   10|         30|
    |i1_reg_535               |    9|          2|   11|         22|
    |i2_reg_546               |    9|          2|   11|         22|
    |i_reg_511                |    9|          2|   11|         22|
    |j_reg_557                |    9|          2|   10|         20|
    |to_FFT_read              |    9|          2|    1|          2|
    +-------------------------+-----+-----------+-----+-----------+
    |Total                    |  589|        131|  361|       1250|
    +-------------------------+-----+-----------+-----+-----------+

    * Register: 
    +-------------------------------------------+-----+----+-----+-----------+
    |                    Name                   |  FF | LUT| Bits| Const Bits|
    +-------------------------------------------+-----+----+-----+-----------+
    |B_V_reg_2465                               |   56|   0|   56|          0|
    |B_squared_V_reg_2475                       |   49|   0|   49|          0|
    |B_third_power_V_reg_2506                   |   42|   0|   42|          0|
    |Ex_V_reg_2433                              |   11|   0|   11|          0|
    |Mx_V_reg_2426                              |   63|   0|   63|          0|
    |ap_CS_fsm                                  |   93|   0|   93|          0|
    |ap_sync_reg_grp_FFT_fu_568_ap_done         |    1|   0|    1|          0|
    |ap_sync_reg_grp_FFT_fu_568_ap_ready        |    1|   0|    1|          0|
    |closepath_reg_2377                         |    1|   0|    1|          0|
    |fourth_order_double_14_reg_2526            |   33|   0|   33|          0|
    |frame_1_reg_2579                           |    7|   0|    7|          0|
    |frame_reg_523                              |    7|   0|    7|          0|
    |grp_FFT_fu_568_ap_start_reg                |    1|   0|    1|          0|
    |grp_scaled_fixed2ieee_fu_576_ap_start_reg  |    1|   0|    1|          0|
    |hamming_window_load_reg_2617               |   64|   0|   64|          0|
    |i1_reg_535                                 |   11|   0|   11|          0|
    |i2_reg_546                                 |   11|   0|   11|          0|
    |i_2_reg_2344                               |   11|   0|   11|          0|
    |i_3_reg_2592                               |   11|   0|   11|          0|
    |i_4_reg_2625                               |   11|   0|   11|          0|
    |i_reg_511                                  |   11|   0|   11|          0|
    |input_data_M_real_l_reg_2612               |   64|   0|   64|          0|
    |isNeg_reg_2439                             |    1|   0|    1|          0|
    |j_1_reg_2648                               |   10|   0|   10|          0|
    |j_reg_557                                  |   10|   0|   10|          0|
    |newSel3_reg_2635                           |   32|   0|   32|          0|
    |p_Repl2_3_reg_2551                         |    1|   0|    1|          0|
    |p_Result_36_reg_2679                       |    1|   0|    1|          0|
    |p_Result_s_reg_2359                        |    1|   0|    1|          0|
    |p_Val2_16_reg_2511                         |   59|   0|   59|          0|
    |p_Val2_33_reg_2409                         |  124|   0|  124|          0|
    |p_Val2_34_reg_2420                         |    3|   0|    3|          0|
    |r_V_9_reg_2470                             |   49|   0|   98|         49|
    |reg_602                                    |   64|   0|   64|          0|
    |result_V_reg_2541                          |   63|   0|   63|          0|
    |ret_V_10_reg_2561                          |   52|   0|   52|          0|
    |ret_V_2_reg_2546                           |   12|   0|   12|          0|
    |ret_V_9_reg_2556                           |   11|   0|   11|          0|
    |ret_V_reg_2536                             |   64|   0|   64|          0|
    |scaling_reg_2331                           |   64|   0|   64|          0|
    |sin_basis_reg_2458                         |    1|   0|    1|          0|
    |tmp_12_reg_2640                            |    7|   0|   16|          9|
    |tmp_17_reg_2531                            |   29|   0|   29|          0|
    |tmp_21_reg_2668                            |   56|   0|   56|          0|
    |tmp_22_reg_2674                            |    1|   0|    1|          0|
    |tmp_23_reg_2388                            |    7|   0|    7|          0|
    |tmp_32_reg_2690                            |   32|   0|   32|          0|
    |tmp_38_reg_2658                            |   22|   0|   22|          0|
    |tmp_3_reg_2571                             |   64|   0|   64|          0|
    |tmp_58_reg_2663                            |   16|   0|   16|          0|
    |tmp_65_reg_2653                            |   22|   0|   22|          0|
    |tmp_6_reg_2584                             |    7|   0|   14|          7|
    |tmp_71_reg_2697                            |    7|   0|    7|          0|
    |tmp_74_i_reg_2445                          |    1|   0|    1|          0|
    |tmp_75_i_reg_2403                          |    1|   0|    1|          0|
    |tmp_76_i_reg_2451                          |    1|   0|    1|          0|
    |tmp_77_i_i_reg_2516                        |   56|   0|   56|          0|
    |tmp_79_i_i_reg_2521                        |   48|   0|   48|          0|
    |tmp_7_reg_2349                             |   64|   0|   64|          0|
    |tmp_81_reg_2702                            |   11|   0|   11|          0|
    |tmp_86_i_i_reg_2415                        |    3|   0|    3|          0|
    |tmp_V_12_reg_2685                          |   56|   0|   56|          0|
    |tmp_V_8_reg_2364                           |   11|   0|   11|          0|
    |tmp_V_9_reg_2371                           |   52|   0|   52|          0|
    |tmp_s_reg_2597                             |   11|   0|   64|         53|
    |x_assign_reg_2354                          |   64|   0|   64|          0|
    +-------------------------------------------+-----+----+-----+-----------+
    |Total                                      | 1831|   0| 1949|        118|
    +-------------------------------------------+-----+----+-----+-----------+



================================================================
== Interface
================================================================
* Summary: 
+----------------------------+-----+-----+------------+-------------------+--------------+
|          RTL Ports         | Dir | Bits|  Protocol  |   Source Object   |    C Type    |
+----------------------------+-----+-----+------------+-------------------+--------------+
|ap_clk                      |  in |    1| ap_ctrl_hs |     window_FFT    | return value |
|ap_rst                      |  in |    1| ap_ctrl_hs |     window_FFT    | return value |
|ap_start                    |  in |    1| ap_ctrl_hs |     window_FFT    | return value |
|ap_done                     | out |    1| ap_ctrl_hs |     window_FFT    | return value |
|ap_idle                     | out |    1| ap_ctrl_hs |     window_FFT    | return value |
|ap_ready                    | out |    1| ap_ctrl_hs |     window_FFT    | return value |
|input_data_M_real_address0  | out |   14|  ap_memory | input_data_M_real |     array    |
|input_data_M_real_ce0       | out |    1|  ap_memory | input_data_M_real |     array    |
|input_data_M_real_q0        |  in |   64|  ap_memory | input_data_M_real |     array    |
|input_data_M_imag_address0  | out |   14|  ap_memory | input_data_M_imag |     array    |
|input_data_M_imag_ce0       | out |    1|  ap_memory | input_data_M_imag |     array    |
|input_data_M_imag_we0       | out |    1|  ap_memory | input_data_M_imag |     array    |
|input_data_M_imag_d0        | out |   64|  ap_memory | input_data_M_imag |     array    |
|input_data_M_imag_q0        |  in |   64|  ap_memory | input_data_M_imag |     array    |
|input_data_M_imag_address1  | out |   14|  ap_memory | input_data_M_imag |     array    |
|input_data_M_imag_ce1       | out |    1|  ap_memory | input_data_M_imag |     array    |
|input_data_M_imag_we1       | out |    1|  ap_memory | input_data_M_imag |     array    |
|input_data_M_imag_d1        | out |   64|  ap_memory | input_data_M_imag |     array    |
|input_data_M_imag_q1        |  in |   64|  ap_memory | input_data_M_imag |     array    |
|output_data_address0        | out |   16|  ap_memory |    output_data    |     array    |
|output_data_ce0             | out |    1|  ap_memory |    output_data    |     array    |
|output_data_we0             | out |    1|  ap_memory |    output_data    |     array    |
|output_data_d0              | out |   64|  ap_memory |    output_data    |     array    |
|peak_value                  |  in |   32|   ap_none  |     peak_value    |    scalar    |
+----------------------------+-----+-----+------------+-------------------+--------------+

