

================================================================
== Vivado HLS Report for 'FFT'
================================================================
* Date:           Wed Jun  5 21:03:51 2019

* Version:        2018.3 (Build 2405991 on Thu Dec 06 23:56:15 MST 2018)
* Project:        HLS
* Solution:       solution1
* Product family: zynquplus
* Target device:  xczu3eg-sbva484-1-i


================================================================
== Performance Estimates
================================================================
+ Timing (ns): 
    * Summary: 
    +--------+-------+----------+------------+
    |  Clock | Target| Estimated| Uncertainty|
    +--------+-------+----------+------------+
    |ap_clk  |  10.00|     8.750|        1.25|
    +--------+-------+----------+------------+

+ Latency (clock cycles): 
    * Summary: 
    +------+------+------+------+----------+
    |   Latency   |   Interval  | Pipeline |
    |  min |  max |  min |  max |   Type   |
    +------+------+------+------+----------+
    |  7331|  7331|  7332|  7332| dataflow |
    +------+------+------+------+----------+

    + Detail: 
        * Instance: 
        +------------------------+---------------------+------+------+------+------+---------+
        |                        |                     |   Latency   |   Interval  | Pipeline|
        |        Instance        |        Module       |  min |  max |  min |  max |   Type  |
        +------------------------+---------------------+------+------+------+------+---------+
        |write_FFT_data_1200_U0  |write_FFT_data_1200  |  1025|  1025|  1025|  1025|   none  |
        |read_FFT_data_1201_U0   |read_FFT_data_1201   |  1025|  1025|  1025|  1025|   none  |
        |fft_FFT_params_U0       |fft_FFT_params_s     |  7331|  7331|  7331|  7331|   none  |
        +------------------------+---------------------+------+------+------+------+---------+

        * Loop: 
        N/A



================================================================
== Utilization Estimates
================================================================
* Summary: 
+-----------------+---------+-------+--------+-------+-----+
|       Name      | BRAM_18K| DSP48E|   FF   |  LUT  | URAM|
+-----------------+---------+-------+--------+-------+-----+
|DSP              |        -|      -|       -|      -|    -|
|Expression       |        -|      -|       0|      4|    -|
|FIFO             |        8|      -|     201|    308|    -|
|Instance         |        5|      0|   16129|  13001|    -|
|Memory           |        -|      -|       -|      -|    -|
|Multiplexer      |        -|      -|       -|      -|    -|
|Register         |        -|      -|       -|      -|    -|
+-----------------+---------+-------+--------+-------+-----+
|Total            |       13|      0|   16330|  13313|    0|
+-----------------+---------+-------+--------+-------+-----+
|Available        |      432|    360|  141120|  70560|    0|
+-----------------+---------+-------+--------+-------+-----+
|Utilization (%)  |        3|      0|      11|     18|    0|
+-----------------+---------+-------+--------+-------+-----+

+ Detail: 
    * Instance: 
    +------------------------+---------------------+---------+-------+-------+-------+
    |        Instance        |        Module       | BRAM_18K| DSP48E|   FF  |  LUT  |
    +------------------------+---------------------+---------+-------+-------+-------+
    |fft_FFT_params_U0       |fft_FFT_params_s     |        5|      0|  16100|  12802|
    |read_FFT_data_1201_U0   |read_FFT_data_1201   |        0|      0|     14|     86|
    |write_FFT_data_1200_U0  |write_FFT_data_1200  |        0|      0|     15|    113|
    +------------------------+---------------------+---------+-------+-------+-------+
    |Total                   |                     |        5|      0|  16129|  13001|
    +------------------------+---------------------+---------+-------+-------+-------+

    * DSP48: 
    N/A

    * Memory: 
    N/A

    * FIFO: 
    +---------------------+---------+----+-----+------+-----+---------+
    |         Name        | BRAM_18K| FF | LUT | Depth| Bits| Size:D*B|
    +---------------------+---------+----+-----+------+-----+---------+
    |FFT_config_data_V_U  |        0|   5|   36|     2|   24|       48|
    |x_in_channel_U       |        4|  98|  136|  1024|   64|    65536|
    |x_out_channel_U      |        4|  98|  136|  1024|   64|    65536|
    +---------------------+---------+----+-----+------+-----+---------+
    |Total                |        8| 201|  308|  2050|  152|   131120|
    +---------------------+---------+----+-----+------+-----+---------+

    * Expression: 
    +-------------------------------------+----------+-------+---+----+------------+------------+
    |            Variable Name            | Operation| DSP48E| FF| LUT| Bitwidth P0| Bitwidth P1|
    +-------------------------------------+----------+-------+---+----+------------+------------+
    |ap_idle                              |    and   |      0|  0|   2|           1|           1|
    |write_FFT_data_1200_U0_start_full_n  |    and   |      0|  0|   2|           1|           1|
    +-------------------------------------+----------+-------+---+----+------------+------------+
    |Total                                |          |      0|  0|   4|           2|           2|
    +-------------------------------------+----------+-------+---+----+------------+------------+

    * Multiplexer: 
    N/A

    * Register: 
    N/A



================================================================
== Interface
================================================================
* Summary: 
+-----------------+-----+-----+------------+--------------+--------------+
|    RTL Ports    | Dir | Bits|  Protocol  | Source Object|    C Type    |
+-----------------+-----+-----+------------+--------------+--------------+
|to_FFT_dout      |  in |   64|   ap_fifo  |    to_FFT    |    pointer   |
|to_FFT_empty_n   |  in |    1|   ap_fifo  |    to_FFT    |    pointer   |
|to_FFT_read      | out |    1|   ap_fifo  |    to_FFT    |    pointer   |
|from_FFT_din     | out |   64|   ap_fifo  |   from_FFT   |    pointer   |
|from_FFT_full_n  |  in |    1|   ap_fifo  |   from_FFT   |    pointer   |
|from_FFT_write   | out |    1|   ap_fifo  |   from_FFT   |    pointer   |
|ap_clk           |  in |    1| ap_ctrl_hs |      FFT     | return value |
|ap_rst           |  in |    1| ap_ctrl_hs |      FFT     | return value |
|ap_start         |  in |    1| ap_ctrl_hs |      FFT     | return value |
|ap_done          | out |    1| ap_ctrl_hs |      FFT     | return value |
|ap_ready         | out |    1| ap_ctrl_hs |      FFT     | return value |
|ap_idle          | out |    1| ap_ctrl_hs |      FFT     | return value |
|ap_continue      |  in |    1| ap_ctrl_hs |      FFT     | return value |
+-----------------+-----+-----+------------+--------------+--------------+

============================================================
+ Verbose Summary: Synthesis Manager
============================================================
InlineROM: 1
ExposeGlobal: 0
============================================================
+ Verbose Summary: CDFG Model
============================================================
IsTopModel: 0
ResetActiveHigh: 1
IsCombinational: 2
IsDatapathOnly: 2
HasWiredReturn: 1
HasMFsm: 0
HasVarLatency: 1
IsPipeline: 0
IsRtlPipelined: 0
IsInstanceOverlapped: 0
IsDontTouch: 0
HasImplIP: 0
IsGatedGlobalClock: 0


============================================================
+ Verbose Summary: Schedule
============================================================
* Number of FSM states : 6
* Pipeline : 0
* Dataflow Pipeline: 1
  DF-Pipeline-0: Size = 6, States = { 1 2 3 4 5 6 }

* FSM state transitions: 
1 --> 
	2  / true
2 --> 
	3  / true
3 --> 
	4  / true
4 --> 
	5  / true
5 --> 
	6  / true
6 --> 

* FSM state operations: 

State 1 <SV = 0> <Delay = 0.00>
ST_1 : Operation 7 [1/1] (0.00ns)   --->   "%FFT_config_data_V = alloca i24, align 4" [HLS/FFT_top.cpp:44]   --->   Operation 7 'alloca' 'FFT_config_data_V' <Predicate = true> <Delay = 0.00> <Core = "FIFO">   --->   Core 32 'FIFO' <Latency = 0> <II = 1> <Delay = 1.94> <Storage> <Opcode : 'read' 'write' 'nbread' 'nbwrite'> <Ports = 0> <Width = 64> <Depth = 1024> <FIFO>
ST_1 : Operation 8 [1/1] (0.00ns)   --->   "%x_out_channel = alloca i64, align 8"   --->   Operation 8 'alloca' 'x_out_channel' <Predicate = true> <Delay = 0.00> <Core = "FIFO">   --->   Core 32 'FIFO' <Latency = 0> <II = 1> <Delay = 1.94> <Storage> <Opcode : 'read' 'write' 'nbread' 'nbwrite'> <Ports = 0> <Width = 64> <Depth = 1024> <FIFO>
ST_1 : Operation 9 [1/1] (0.00ns)   --->   "%x_in_channel = alloca i64, align 8"   --->   Operation 9 'alloca' 'x_in_channel' <Predicate = true> <Delay = 0.00> <Core = "FIFO">   --->   Core 32 'FIFO' <Latency = 0> <II = 1> <Delay = 1.94> <Storage> <Opcode : 'read' 'write' 'nbread' 'nbwrite'> <Ports = 0> <Width = 64> <Depth = 1024> <FIFO>
ST_1 : Operation 10 [1/1] (0.00ns)   --->   "%FFT_status_data_V = alloca i8, align 1" [HLS/FFT_top.cpp:45]   --->   Operation 10 'alloca' 'FFT_status_data_V' <Predicate = true> <Delay = 0.00>
ST_1 : Operation 11 [2/2] (0.00ns)   --->   "call fastcc void @write_FFT_data.1200(i24* %FFT_config_data_V, i64* %x_in_channel)"   --->   Operation 11 'call' <Predicate = true> <Delay = 0.00> <CoreType = "Generic">   --->   Core 0 '' <Latency = 0> <II = 1> <Delay = 1.00> <Generic> <Opcode : >

State 2 <SV = 1> <Delay = 0.00>
ST_2 : Operation 12 [1/2] (0.00ns)   --->   "call fastcc void @write_FFT_data.1200(i24* %FFT_config_data_V, i64* %x_in_channel)"   --->   Operation 12 'call' <Predicate = true> <Delay = 0.00> <CoreType = "Generic">   --->   Core 0 '' <Latency = 0> <II = 1> <Delay = 1.00> <Generic> <Opcode : >

State 3 <SV = 2> <Delay = 8.75>
ST_3 : Operation 13 [2/2] (8.75ns)   --->   "call fastcc void @"fft<FFT_params>"(i64* %x_in_channel, i64* %x_out_channel, i8* %FFT_status_data_V, i24* %FFT_config_data_V)"   --->   Operation 13 'call' <Predicate = true> <Delay = 8.75> <Core = "Vivado_FFT">   --->   Core 12 'Vivado_FFT' <Latency = 7331> <II = 0> <Delay = 2.00> <IPBlock> <Opcode : > <InPorts = 2> <OutPorts = 1> <Async> <VivadoIP> <CReg>

State 4 <SV = 3> <Delay = 8.75>
ST_4 : Operation 14 [1/2] (8.75ns)   --->   "call fastcc void @"fft<FFT_params>"(i64* %x_in_channel, i64* %x_out_channel, i8* %FFT_status_data_V, i24* %FFT_config_data_V)"   --->   Operation 14 'call' <Predicate = true> <Delay = 8.75> <Core = "Vivado_FFT">   --->   Core 12 'Vivado_FFT' <Latency = 7331> <II = 0> <Delay = 2.00> <IPBlock> <Opcode : > <InPorts = 2> <OutPorts = 1> <Async> <VivadoIP> <CReg>

State 5 <SV = 4> <Delay = 0.00>
ST_5 : Operation 15 [2/2] (0.00ns)   --->   "call fastcc void @read_FFT_data.1201(i64* %x_out_channel)"   --->   Operation 15 'call' <Predicate = true> <Delay = 0.00> <CoreType = "Generic">   --->   Core 0 '' <Latency = 0> <II = 1> <Delay = 1.00> <Generic> <Opcode : >

State 6 <SV = 5> <Delay = 0.00>
ST_6 : Operation 16 [1/1] (0.00ns)   --->   "call void (...)* @_ssdm_op_SpecInterface(i64* @to_FFT, [8 x i8]* @ap_fifo_str, i32 0, i32 0, [1 x i8]* @p_str, i32 0, i32 0, [1 x i8]* @p_str, [1 x i8]* @p_str, [1 x i8]* @p_str, i32 2, i32 2, i32 16, i32 16, [1 x i8]* @p_str, [1 x i8]* @p_str)"   --->   Operation 16 'specinterface' <Predicate = true> <Delay = 0.00>
ST_6 : Operation 17 [1/1] (0.00ns)   --->   "call void (...)* @_ssdm_op_SpecInterface(i64* @from_FFT, [8 x i8]* @ap_fifo_str, i32 0, i32 0, [1 x i8]* @p_str, i32 0, i32 0, [1 x i8]* @p_str, [1 x i8]* @p_str, [1 x i8]* @p_str, i32 2, i32 2, i32 16, i32 16, [1 x i8]* @p_str, [1 x i8]* @p_str)"   --->   Operation 17 'specinterface' <Predicate = true> <Delay = 0.00>
ST_6 : Operation 18 [1/1] (0.00ns)   --->   "call void (...)* @_ssdm_op_SpecDataflowPipeline(i32 -1, i32 0, [1 x i8]* @p_str2) nounwind" [HLS/FFT_top.cpp:41]   --->   Operation 18 'specdataflowpipeline' <Predicate = true> <Delay = 0.00>
ST_6 : Operation 19 [1/1] (0.00ns)   --->   "%empty = call i32 (...)* @_ssdm_op_SpecChannel([14 x i8]* @x_out_OC_channel_str, i32 1, [1 x i8]* @p_str, [1 x i8]* @p_str, i32 1024, i32 1024, i64* %x_out_channel, i64* %x_out_channel)"   --->   Operation 19 'specchannel' 'empty' <Predicate = true> <Delay = 0.00>
ST_6 : Operation 20 [1/1] (0.00ns)   --->   "call void (...)* @_ssdm_op_SpecInterface(i64* %x_out_channel, [8 x i8]* @ap_fifo_str, i32 0, i32 0, [1 x i8]* @p_str, i32 0, i32 0, [1 x i8]* @p_str, [1 x i8]* @p_str, [1 x i8]* @p_str, i32 2, i32 2, i32 16, i32 16, [1 x i8]* @p_str, [1 x i8]* @p_str)"   --->   Operation 20 'specinterface' <Predicate = true> <Delay = 0.00>
ST_6 : Operation 21 [1/1] (0.00ns)   --->   "%empty_172 = call i32 (...)* @_ssdm_op_SpecChannel([13 x i8]* @x_in_OC_channel_str, i32 1, [1 x i8]* @p_str, [1 x i8]* @p_str, i32 1024, i32 1024, i64* %x_in_channel, i64* %x_in_channel)"   --->   Operation 21 'specchannel' 'empty_172' <Predicate = true> <Delay = 0.00>
ST_6 : Operation 22 [1/1] (0.00ns)   --->   "call void (...)* @_ssdm_op_SpecInterface(i64* %x_in_channel, [8 x i8]* @ap_fifo_str, i32 0, i32 0, [1 x i8]* @p_str, i32 0, i32 0, [1 x i8]* @p_str, [1 x i8]* @p_str, [1 x i8]* @p_str, i32 2, i32 2, i32 16, i32 16, [1 x i8]* @p_str, [1 x i8]* @p_str)"   --->   Operation 22 'specinterface' <Predicate = true> <Delay = 0.00>
ST_6 : Operation 23 [1/1] (0.00ns)   --->   "%empty_173 = call i32 (...)* @_ssdm_op_SpecChannel([5 x i8]* @x_in_str, i32 1, [1 x i8]* @p_str, [1 x i8]* @p_str, i32 1024, i32 1024, i64* %x_in_channel, i64* %x_in_channel)"   --->   Operation 23 'specchannel' 'empty_173' <Predicate = true> <Delay = 0.00>
ST_6 : Operation 24 [1/1] (0.00ns)   --->   "call void (...)* @_ssdm_op_SpecInterface(i64* %x_in_channel, [8 x i8]* @ap_fifo_str, i32 0, i32 0, [1 x i8]* @p_str, i32 0, i32 0, [1 x i8]* @p_str, [1 x i8]* @p_str, [1 x i8]* @p_str, i32 2, i32 2, i32 16, i32 16, [1 x i8]* @p_str, [1 x i8]* @p_str)"   --->   Operation 24 'specinterface' <Predicate = true> <Delay = 0.00>
ST_6 : Operation 25 [1/1] (0.00ns)   --->   "call void (...)* @_ssdm_op_SpecInterface(i8* %FFT_status_data_V, [8 x i8]* @ap_fifo_str, i32 0, i32 0, [1 x i8]* @p_str, i32 0, i32 0, [1 x i8]* @p_str, [1 x i8]* @p_str, [1 x i8]* @p_str, i32 2, i32 2, i32 16, i32 16, [1 x i8]* @p_str, [1 x i8]* @p_str)"   --->   Operation 25 'specinterface' <Predicate = true> <Delay = 0.00>
ST_6 : Operation 26 [1/1] (0.00ns)   --->   "call void (...)* @_ssdm_op_SpecInterface(i24* %FFT_config_data_V, [8 x i8]* @ap_fifo_str, i32 0, i32 0, [1 x i8]* @p_str, i32 0, i32 0, [1 x i8]* @p_str, [1 x i8]* @p_str, [1 x i8]* @p_str, i32 2, i32 2, i32 16, i32 16, [1 x i8]* @p_str, [1 x i8]* @p_str)"   --->   Operation 26 'specinterface' <Predicate = true> <Delay = 0.00>
ST_6 : Operation 27 [1/1] (0.00ns)   --->   "%empty_174 = call i32 (...)* @_ssdm_op_SpecChannel([26 x i8]* @FFT_config_OC_data_O, i32 1, [1 x i8]* @p_str, [1 x i8]* @p_str, i32 2, i32 0, i24* %FFT_config_data_V, i24* %FFT_config_data_V)"   --->   Operation 27 'specchannel' 'empty_174' <Predicate = true> <Delay = 0.00>
ST_6 : Operation 28 [1/1] (0.00ns)   --->   "%empty_175 = call i32 (...)* @_ssdm_op_SpecChannel([6 x i8]* @x_out_str, i32 1, [1 x i8]* @p_str, [1 x i8]* @p_str, i32 1024, i32 1024, i64* %x_out_channel, i64* %x_out_channel)"   --->   Operation 28 'specchannel' 'empty_175' <Predicate = true> <Delay = 0.00>
ST_6 : Operation 29 [1/1] (0.00ns)   --->   "call void (...)* @_ssdm_op_SpecInterface(i64* %x_out_channel, [8 x i8]* @ap_fifo_str, i32 0, i32 0, [1 x i8]* @p_str, i32 0, i32 0, [1 x i8]* @p_str, [1 x i8]* @p_str, [1 x i8]* @p_str, i32 2, i32 2, i32 16, i32 16, [1 x i8]* @p_str, [1 x i8]* @p_str)"   --->   Operation 29 'specinterface' <Predicate = true> <Delay = 0.00>
ST_6 : Operation 30 [1/2] (0.00ns)   --->   "call fastcc void @read_FFT_data.1201(i64* %x_out_channel)"   --->   Operation 30 'call' <Predicate = true> <Delay = 0.00> <CoreType = "Generic">   --->   Core 0 '' <Latency = 0> <II = 1> <Delay = 1.00> <Generic> <Opcode : >
ST_6 : Operation 31 [1/1] (0.00ns)   --->   "ret void" [HLS/FFT_top.cpp:50]   --->   Operation 31 'ret' <Predicate = true> <Delay = 0.00>


============================================================
+ Verbose Summary: Binding
============================================================
STG Binding: 
---------------- STG Properties BEGIN ----------------
- Is combinational: 0
- Is one-state seq: 0
- Is datapath-only: 0
- Is pipelined: 0
- Is top level: 0
Port [ Return ] is wired: 1; IO mode=ap_ctrl_hs:ce=0
Port [ to_FFT]:  wired=1; compound=1; hidden=0; nouse=0; global=1; static=1; extern=0; dir=0; type=3; pingpong=0; private_global=0; linkage=7; visibility=0; IO mode=ap_fifo:ce=0
Port [ from_FFT]:  wired=1; compound=1; hidden=0; nouse=0; global=1; static=1; extern=0; dir=1; type=3; pingpong=0; private_global=0; linkage=7; visibility=0; IO mode=ap_fifo:ce=0
---------------- STG Properties END ------------------

---------------- Datapath Model BEGIN ----------------

<LifeTime>
<method=bitvector/>
FFT_config_data_V (alloca              ) [ 0111111]
x_out_channel     (alloca              ) [ 0011111]
x_in_channel      (alloca              ) [ 0111111]
FFT_status_data_V (alloca              ) [ 0011111]
StgValue_12       (call                ) [ 0000000]
StgValue_14       (call                ) [ 0000000]
StgValue_16       (specinterface       ) [ 0000000]
StgValue_17       (specinterface       ) [ 0000000]
StgValue_18       (specdataflowpipeline) [ 0000000]
empty             (specchannel         ) [ 0000000]
StgValue_20       (specinterface       ) [ 0000000]
empty_172         (specchannel         ) [ 0000000]
StgValue_22       (specinterface       ) [ 0000000]
empty_173         (specchannel         ) [ 0000000]
StgValue_24       (specinterface       ) [ 0000000]
StgValue_25       (specinterface       ) [ 0000000]
StgValue_26       (specinterface       ) [ 0000000]
empty_174         (specchannel         ) [ 0000000]
empty_175         (specchannel         ) [ 0000000]
StgValue_29       (specinterface       ) [ 0000000]
StgValue_30       (call                ) [ 0000000]
StgValue_31       (ret                 ) [ 0000000]
</LifeTime>

<model>

<comp_list>
<comp id="0" class="1000" name="to_FFT">
<pin_list>
<pin id="1" dir="1" index="0" bw="1" slack="0"/>
</pin_list>
<bind>
<StgValue><ssdm name="to_FFT"/></StgValue>
</bind>
</comp>

<comp id="2" class="1000" name="from_FFT">
<pin_list>
<pin id="3" dir="1" index="0" bw="1" slack="0"/>
</pin_list>
<bind>
<StgValue><ssdm name="from_FFT"/></StgValue>
</bind>
</comp>

<comp id="4" class="1001" name="const_4">
<pin_list>
<pin id="5" dir="1" index="0" bw="1" slack="0"/>
</pin_list>
<bind>
<StgValue><ssdm name=""/></StgValue>
</bind>
</comp>

<comp id="6" class="1001" name="const_6">
<pin_list>
<pin id="7" dir="1" index="0" bw="1" slack="0"/>
</pin_list>
<bind>
<StgValue><ssdm name="write_FFT_data.1200"/></StgValue>
</bind>
</comp>

<comp id="8" class="1001" name="const_8">
<pin_list>
<pin id="9" dir="1" index="0" bw="1" slack="0"/>
</pin_list>
<bind>
<StgValue><ssdm name="fft<FFT_params>"/></StgValue>
</bind>
</comp>

<comp id="10" class="1001" name="const_10">
<pin_list>
<pin id="11" dir="1" index="0" bw="1" slack="0"/>
</pin_list>
<bind>
<StgValue><ssdm name="read_FFT_data.1201"/></StgValue>
</bind>
</comp>

<comp id="12" class="1001" name="const_12">
<pin_list>
<pin id="13" dir="1" index="0" bw="1" slack="2147483647"/>
</pin_list>
<bind>
<StgValue><ssdm name="_ssdm_op_SpecInterface"/></StgValue>
</bind>
</comp>

<comp id="14" class="1001" name="const_14">
<pin_list>
<pin id="15" dir="1" index="0" bw="1" slack="2147483647"/>
</pin_list>
<bind>
<StgValue><ssdm name="ap_fifo_str"/></StgValue>
</bind>
</comp>

<comp id="16" class="1001" name="const_16">
<pin_list>
<pin id="17" dir="1" index="0" bw="1" slack="2147483647"/>
</pin_list>
<bind>
<StgValue><ssdm name=""/></StgValue>
</bind>
</comp>

<comp id="18" class="1001" name="const_18">
<pin_list>
<pin id="19" dir="1" index="0" bw="1" slack="2147483647"/>
</pin_list>
<bind>
<StgValue><ssdm name="p_str"/></StgValue>
</bind>
</comp>

<comp id="20" class="1001" name="const_20">
<pin_list>
<pin id="21" dir="1" index="0" bw="1" slack="2147483647"/>
</pin_list>
<bind>
<StgValue><ssdm name=""/></StgValue>
</bind>
</comp>

<comp id="22" class="1001" name="const_22">
<pin_list>
<pin id="23" dir="1" index="0" bw="1" slack="2147483647"/>
</pin_list>
<bind>
<StgValue><ssdm name=""/></StgValue>
</bind>
</comp>

<comp id="24" class="1001" name="const_24">
<pin_list>
<pin id="25" dir="1" index="0" bw="1" slack="2147483647"/>
</pin_list>
<bind>
<StgValue><ssdm name="_ssdm_op_SpecDataflowPipeline"/></StgValue>
</bind>
</comp>

<comp id="26" class="1001" name="const_26">
<pin_list>
<pin id="27" dir="1" index="0" bw="1" slack="2147483647"/>
</pin_list>
<bind>
<StgValue><ssdm name=""/></StgValue>
</bind>
</comp>

<comp id="28" class="1001" name="const_28">
<pin_list>
<pin id="29" dir="1" index="0" bw="1" slack="2147483647"/>
</pin_list>
<bind>
<StgValue><ssdm name="p_str2"/></StgValue>
</bind>
</comp>

<comp id="30" class="1001" name="const_30">
<pin_list>
<pin id="31" dir="1" index="0" bw="1" slack="2147483647"/>
</pin_list>
<bind>
<StgValue><ssdm name="_ssdm_op_SpecChannel"/></StgValue>
</bind>
</comp>

<comp id="32" class="1001" name="const_32">
<pin_list>
<pin id="33" dir="1" index="0" bw="1" slack="2147483647"/>
</pin_list>
<bind>
<StgValue><ssdm name="x_out_OC_channel_str"/></StgValue>
</bind>
</comp>

<comp id="34" class="1001" name="const_34">
<pin_list>
<pin id="35" dir="1" index="0" bw="1" slack="2147483647"/>
</pin_list>
<bind>
<StgValue><ssdm name=""/></StgValue>
</bind>
</comp>

<comp id="36" class="1001" name="const_36">
<pin_list>
<pin id="37" dir="1" index="0" bw="1" slack="2147483647"/>
</pin_list>
<bind>
<StgValue><ssdm name=""/></StgValue>
</bind>
</comp>

<comp id="38" class="1001" name="const_38">
<pin_list>
<pin id="39" dir="1" index="0" bw="1" slack="2147483647"/>
</pin_list>
<bind>
<StgValue><ssdm name="x_in_OC_channel_str"/></StgValue>
</bind>
</comp>

<comp id="40" class="1001" name="const_40">
<pin_list>
<pin id="41" dir="1" index="0" bw="1" slack="2147483647"/>
</pin_list>
<bind>
<StgValue><ssdm name="x_in_str"/></StgValue>
</bind>
</comp>

<comp id="42" class="1001" name="const_42">
<pin_list>
<pin id="43" dir="1" index="0" bw="1" slack="2147483647"/>
</pin_list>
<bind>
<StgValue><ssdm name="FFT_config_OC_data_O"/></StgValue>
</bind>
</comp>

<comp id="44" class="1001" name="const_44">
<pin_list>
<pin id="45" dir="1" index="0" bw="1" slack="2147483647"/>
</pin_list>
<bind>
<StgValue><ssdm name="x_out_str"/></StgValue>
</bind>
</comp>

<comp id="46" class="1004" name="FFT_config_data_V_fu_46">
<pin_list>
<pin id="47" dir="0" index="0" bw="1" slack="0"/>
<pin id="48" dir="1" index="1" bw="24" slack="0"/>
</pin_list>
<bind>
<opcode="alloca(26) " fcode="alloca"/>
<opset="FFT_config_data_V/1 "/>
</bind>
</comp>

<comp id="50" class="1004" name="x_out_channel_fu_50">
<pin_list>
<pin id="51" dir="0" index="0" bw="1" slack="0"/>
<pin id="52" dir="1" index="1" bw="64" slack="2"/>
</pin_list>
<bind>
<opcode="alloca(26) " fcode="alloca"/>
<opset="x_out_channel/1 "/>
</bind>
</comp>

<comp id="54" class="1004" name="x_in_channel_fu_54">
<pin_list>
<pin id="55" dir="0" index="0" bw="1" slack="0"/>
<pin id="56" dir="1" index="1" bw="64" slack="0"/>
</pin_list>
<bind>
<opcode="alloca(26) " fcode="alloca"/>
<opset="x_in_channel/1 "/>
</bind>
</comp>

<comp id="58" class="1004" name="FFT_status_data_V_fu_58">
<pin_list>
<pin id="59" dir="0" index="0" bw="1" slack="0"/>
<pin id="60" dir="1" index="1" bw="8" slack="2"/>
</pin_list>
<bind>
<opcode="alloca(26) " fcode="alloca"/>
<opset="FFT_status_data_V/1 "/>
</bind>
</comp>

<comp id="62" class="1004" name="grp_write_FFT_data_1200_fu_62">
<pin_list>
<pin id="63" dir="0" index="0" bw="0" slack="0"/>
<pin id="64" dir="0" index="1" bw="24" slack="0"/>
<pin id="65" dir="0" index="2" bw="64" slack="0"/>
<pin id="66" dir="0" index="3" bw="64" slack="0"/>
<pin id="67" dir="1" index="4" bw="0" slack="2147483647"/>
</pin_list>
<bind>
<opcode="call(48) " fcode="call"/>
<opset="StgValue_11/1 "/>
</bind>
</comp>

<comp id="70" class="1004" name="grp_read_FFT_data_1201_fu_70">
<pin_list>
<pin id="71" dir="0" index="0" bw="0" slack="0"/>
<pin id="72" dir="0" index="1" bw="64" slack="4"/>
<pin id="73" dir="0" index="2" bw="64" slack="0"/>
<pin id="74" dir="1" index="3" bw="0" slack="2147483647"/>
</pin_list>
<bind>
<opcode="call(48) " fcode="call"/>
<opset="StgValue_15/5 "/>
</bind>
</comp>

<comp id="77" class="1004" name="grp_fft_FFT_params_s_fu_77">
<pin_list>
<pin id="78" dir="0" index="0" bw="0" slack="0"/>
<pin id="79" dir="0" index="1" bw="64" slack="2"/>
<pin id="80" dir="0" index="2" bw="64" slack="2"/>
<pin id="81" dir="0" index="3" bw="8" slack="2"/>
<pin id="82" dir="0" index="4" bw="24" slack="2"/>
<pin id="83" dir="1" index="5" bw="0" slack="2147483647"/>
</pin_list>
<bind>
<opcode="call(48) " fcode="call"/>
<opset="StgValue_13/3 "/>
</bind>
</comp>

<comp id="85" class="1005" name="FFT_config_data_V_reg_85">
<pin_list>
<pin id="86" dir="0" index="0" bw="24" slack="0"/>
<pin id="87" dir="1" index="1" bw="24" slack="0"/>
</pin_list>
<bind>
<opset="FFT_config_data_V "/>
</bind>
</comp>

<comp id="91" class="1005" name="x_out_channel_reg_91">
<pin_list>
<pin id="92" dir="0" index="0" bw="64" slack="2"/>
<pin id="93" dir="1" index="1" bw="64" slack="2"/>
</pin_list>
<bind>
<opset="x_out_channel "/>
</bind>
</comp>

<comp id="97" class="1005" name="x_in_channel_reg_97">
<pin_list>
<pin id="98" dir="0" index="0" bw="64" slack="0"/>
<pin id="99" dir="1" index="1" bw="64" slack="0"/>
</pin_list>
<bind>
<opset="x_in_channel "/>
</bind>
</comp>

<comp id="103" class="1005" name="FFT_status_data_V_reg_103">
<pin_list>
<pin id="104" dir="0" index="0" bw="8" slack="2"/>
<pin id="105" dir="1" index="1" bw="8" slack="2"/>
</pin_list>
<bind>
<opset="FFT_status_data_V "/>
</bind>
</comp>

</comp_list>

<net_list>
<net id="49"><net_src comp="4" pin="0"/><net_sink comp="46" pin=0"/></net>

<net id="53"><net_src comp="4" pin="0"/><net_sink comp="50" pin=0"/></net>

<net id="57"><net_src comp="4" pin="0"/><net_sink comp="54" pin=0"/></net>

<net id="61"><net_src comp="4" pin="0"/><net_sink comp="58" pin=0"/></net>

<net id="68"><net_src comp="6" pin="0"/><net_sink comp="62" pin=0"/></net>

<net id="69"><net_src comp="0" pin="0"/><net_sink comp="62" pin=3"/></net>

<net id="75"><net_src comp="10" pin="0"/><net_sink comp="70" pin=0"/></net>

<net id="76"><net_src comp="2" pin="0"/><net_sink comp="70" pin=2"/></net>

<net id="84"><net_src comp="8" pin="0"/><net_sink comp="77" pin=0"/></net>

<net id="88"><net_src comp="46" pin="1"/><net_sink comp="85" pin=0"/></net>

<net id="89"><net_src comp="85" pin="1"/><net_sink comp="62" pin=1"/></net>

<net id="90"><net_src comp="85" pin="1"/><net_sink comp="77" pin=4"/></net>

<net id="94"><net_src comp="50" pin="1"/><net_sink comp="91" pin=0"/></net>

<net id="95"><net_src comp="91" pin="1"/><net_sink comp="77" pin=2"/></net>

<net id="96"><net_src comp="91" pin="1"/><net_sink comp="70" pin=1"/></net>

<net id="100"><net_src comp="54" pin="1"/><net_sink comp="97" pin=0"/></net>

<net id="101"><net_src comp="97" pin="1"/><net_sink comp="62" pin=2"/></net>

<net id="102"><net_src comp="97" pin="1"/><net_sink comp="77" pin=1"/></net>

<net id="106"><net_src comp="58" pin="1"/><net_sink comp="103" pin=0"/></net>

<net id="107"><net_src comp="103" pin="1"/><net_sink comp="77" pin=3"/></net>

</net_list>

</model> 
---------------- Datapath Model END ------------------

* FSMD analyzer results:
  - Output states:
	Port: to_FFT | {}
	Port: from_FFT | {5 6 }
 - Input state : 
	Port: FFT : to_FFT | {1 2 }
	Port: FFT : from_FFT | {}
  - Chain level:
	State 1
		StgValue_11 : 1
	State 2
	State 3
	State 4
	State 5
	State 6


============================================================
+ Verbose Summary: Datapath Resource usage 
============================================================

* Functional unit list:
|----------|-------------------------------|---------|---------|---------|---------|
| Operation|        Functional Unit        |   BRAM  |  DSP48E |    FF   |   LUT   |
|----------|-------------------------------|---------|---------|---------|---------|
|          | grp_write_FFT_data_1200_fu_62 |    0    |    0    |    22   |    31   |
|   call   |  grp_read_FFT_data_1201_fu_70 |    0    |    0    |    22   |    31   |
|          |   grp_fft_FFT_params_s_fu_77  |    5    |    0    |  16100  |  12802  |
|----------|-------------------------------|---------|---------|---------|---------|
|   Total  |                               |    5    |    0    |  16144  |  12864  |
|----------|-------------------------------|---------|---------|---------|---------|

Memories:
N/A

* Register list:
+-------------------------+--------+
|                         |   FF   |
+-------------------------+--------+
| FFT_config_data_V_reg_85|   24   |
|FFT_status_data_V_reg_103|    8   |
|   x_in_channel_reg_97   |   64   |
|   x_out_channel_reg_91  |   64   |
+-------------------------+--------+
|          Total          |   160  |
+-------------------------+--------+

* Multiplexer (MUX) list: 
|--------|------|------|------|--------|
|  Comp  |  Pin | Size |  BW  | S x BW |
|--------|------|------|------|--------|
|  Total |      |      |      |    0   |
|--------|------|------|------|--------|



* Summary:
+-----------+--------+--------+--------+--------+
|           |  BRAM  | DSP48E |   FF   |   LUT  |
+-----------+--------+--------+--------+--------+
|  Function |    5   |    0   |  16144 |  12864 |
|   Memory  |    -   |    -   |    -   |    -   |
|Multiplexer|    -   |    -   |    -   |    -   |
|  Register |    -   |    -   |   160  |    -   |
+-----------+--------+--------+--------+--------+
|   Total   |    5   |    0   |  16304 |  12864 |
+-----------+--------+--------+--------+--------+
